<?xml version="1.0" encoding="UTF-8"?>
<!-- Generated by org.testng.reporters.JUnitReportReporter -->
<testsuite skipped="0" hostname="LAPTOP-FRT2NOJL" name="PocketPhoneSystem.Sprintregionalnum" tests="1" failures="0" timestamp="27 Feb 2019 06:44:14 GMT" time="81.024" errors="0">
  <testcase name="pps" time="81.024" classname="PocketPhoneSystem.Sprintregionalnum"/>
</testsuite> <!-- PocketPhoneSystem.Sprintregionalnum -->
