<?xml version="1.0" encoding="UTF-8"?>
<!-- Generated by org.testng.reporters.JUnitReportReporter -->
<testsuite skipped="0" hostname="LAPTOP-FRT2NOJL" name="PocketPhoneSystem.RunFreephonepps" tests="1" failures="0" timestamp="26 Feb 2019 10:30:16 GMT" time="63.234" errors="0">
  <testcase name="pps" time="63.234" classname="PocketPhoneSystem.RunFreephonepps"/>
</testsuite> <!-- PocketPhoneSystem.RunFreephonepps -->
