<?xml version="1.0" encoding="UTF-8"?>
<!-- Generated by org.testng.reporters.JUnitReportReporter -->
<testsuite skipped="0" hostname="LAPTOP-FRT2NOJL" name="PocketPhoneSystem.StartPackage" tests="1" failures="0" timestamp="26 Feb 2019 09:00:11 GMT" time="74.898" errors="0">
  <testcase name="pps" time="74.898" classname="PocketPhoneSystem.StartPackage"/>
</testsuite> <!-- PocketPhoneSystem.StartPackage -->
