<?xml version="1.0" encoding="UTF-8"?>
<!-- Generated by org.testng.reporters.JUnitReportReporter -->
<testsuite skipped="0" hostname="LAPTOP-FRT2NOJL" name="PocketPhoneSystem.PpsExistingnumber" tests="1" failures="0" timestamp="26 Feb 2019 11:15:01 GMT" time="71.323" errors="0">
  <testcase name="pps" time="71.323" classname="PocketPhoneSystem.PpsExistingnumber"/>
</testsuite> <!-- PocketPhoneSystem.PpsExistingnumber -->
